{
  "RSpec": {
    "coverage": {
      "/Users/tobyjessup/Projects/Bookmark-manager/spec/features/ viewing_bookmarks_spec.rb": {
        "lines": [
          1,
          null,
          1,
          1,
          1,
          1,
          null,
          1,
          1,
          null,
          null,
          null
        ]
      },
      "/Users/tobyjessup/Projects/Bookmark-manager/spec/features/testing_infrastructure_spec.rb": {
        "lines": [
          1,
          1,
          1,
          1,
          null,
          null
        ]
      }
    },
    "timestamp": 1618848795
  }
}
